<?xml version="1.0" encoding="UTF-8"?>
<testng-results ignored="0" total="2" passed="2" failed="0" skipped="0">
  <reporter-output>
  </reporter-output>
  <suite started-at="2022-02-10T12:39:18 WET" name="Default suite" finished-at="2022-02-10T12:39:20 WET" duration-ms="2891">
    <groups>
    </groups>
    <test started-at="2022-02-10T12:39:18 WET" name="Default test" finished-at="2022-02-10T12:39:20 WET" duration-ms="2891">
      <class name="testing_grounds.ExtentReportsDemoWithTestNG">
        <test-method is-config="true" signature="setUp()[pri:0, instance:testing_grounds.ExtentReportsDemoWithTestNG@223d2c72]" started-at="2022-02-10T12:39:15 WET" name="setUp" finished-at="2022-02-10T12:39:18 WET" duration-ms="2958" status="PASS">
          <reporter-output>
          </reporter-output>
        </test-method> <!-- setUp -->
        <test-method is-config="true" signature="setUpTest()[pri:0, instance:testing_grounds.ExtentReportsDemoWithTestNG@223d2c72]" started-at="2022-02-10T12:39:18 WET" name="setUpTest" finished-at="2022-02-10T12:39:19 WET" duration-ms="1239" status="PASS">
          <reporter-output>
          </reporter-output>
        </test-method> <!-- setUpTest -->
        <test-method signature="test1()[pri:0, instance:testing_grounds.ExtentReportsDemoWithTestNG@223d2c72]" started-at="2022-02-10T12:39:19 WET" name="test1" finished-at="2022-02-10T12:39:20 WET" duration-ms="928" status="PASS">
          <reporter-output>
          </reporter-output>
        </test-method> <!-- test1 -->
        <test-method signature="test2()[pri:0, instance:testing_grounds.ExtentReportsDemoWithTestNG@223d2c72]" started-at="2022-02-10T12:39:20 WET" name="test2" finished-at="2022-02-10T12:39:20 WET" duration-ms="4" status="PASS">
          <reporter-output>
          </reporter-output>
        </test-method> <!-- test2 -->
        <test-method is-config="true" signature="tearDownTest()[pri:0, instance:testing_grounds.ExtentReportsDemoWithTestNG@223d2c72]" started-at="2022-02-10T12:39:20 WET" name="tearDownTest" finished-at="2022-02-10T12:39:20 WET" duration-ms="648" status="PASS">
          <reporter-output>
          </reporter-output>
        </test-method> <!-- tearDownTest -->
        <test-method is-config="true" signature="tearDown()[pri:0, instance:testing_grounds.ExtentReportsDemoWithTestNG@223d2c72]" started-at="2022-02-10T12:39:20 WET" name="tearDown" finished-at="2022-02-10T12:39:21 WET" duration-ms="591" status="PASS">
          <reporter-output>
          </reporter-output>
        </test-method> <!-- tearDown -->
      </class> <!-- testing_grounds.ExtentReportsDemoWithTestNG -->
    </test> <!-- Default test -->
  </suite> <!-- Default suite -->
</testng-results>
